[debug] [2024-10-14T05:50:31.781Z] ----------------------------------------------------------------------
[debug] [2024-10-14T05:50:31.791Z] Command:       /opt/homebrew/Cellar/node@20/20.13.1/bin/node /opt/homebrew/bin/firebase deploy --only hosting
[debug] [2024-10-14T05:50:31.791Z] CLI Version:   13.16.0
[debug] [2024-10-14T05:50:31.791Z] Platform:      darwin
[debug] [2024-10-14T05:50:31.791Z] Node Version:  v20.13.1
[debug] [2024-10-14T05:50:31.792Z] Time:          Mon Oct 14 2024 06:50:31 GMT+0100 (West Africa Standard Time)
[debug] [2024-10-14T05:50:31.792Z] ----------------------------------------------------------------------
[debug] 
[debug] [2024-10-14T05:50:31.875Z] > command requires scopes: ["email","openid","https://www.googleapis.com/auth/cloudplatformprojects.readonly","https://www.googleapis.com/auth/firebase","https://www.googleapis.com/auth/cloud-platform"]
[debug] [2024-10-14T05:50:31.876Z] > authorizing via signed-in user (anigodson20@gmail.com)
[debug] [2024-10-14T05:50:31.876Z] [iam] checking project chow-live for permissions ["firebase.projects.get","firebasehosting.sites.update"]
[debug] [2024-10-14T05:50:31.879Z] >>> [apiv2][query] POST https://cloudresourcemanager.googleapis.com/v1/projects/chow-live:testIamPermissions [none]
[debug] [2024-10-14T05:50:31.879Z] >>> [apiv2][(partial)header] POST https://cloudresourcemanager.googleapis.com/v1/projects/chow-live:testIamPermissions x-goog-quota-user=projects/chow-live
[debug] [2024-10-14T05:50:31.879Z] >>> [apiv2][body] POST https://cloudresourcemanager.googleapis.com/v1/projects/chow-live:testIamPermissions {"permissions":["firebase.projects.get","firebasehosting.sites.update"]}
[debug] [2024-10-14T05:50:33.469Z] <<< [apiv2][status] POST https://cloudresourcemanager.googleapis.com/v1/projects/chow-live:testIamPermissions 200
[debug] [2024-10-14T05:50:33.469Z] <<< [apiv2][body] POST https://cloudresourcemanager.googleapis.com/v1/projects/chow-live:testIamPermissions {"permissions":["firebase.projects.get","firebasehosting.sites.update"]}
[debug] [2024-10-14T05:50:33.470Z] >>> [apiv2][query] GET https://firebase.googleapis.com/v1beta1/projects/chow-live [none]
[debug] [2024-10-14T05:50:34.225Z] <<< [apiv2][status] GET https://firebase.googleapis.com/v1beta1/projects/chow-live 200
[debug] [2024-10-14T05:50:34.225Z] <<< [apiv2][body] GET https://firebase.googleapis.com/v1beta1/projects/chow-live {"projectId":"chow-live","projectNumber":"1011180450496","displayName":"chow-live","name":"projects/chow-live","resources":{"hostingSite":"chow-live","realtimeDatabaseInstance":"chow-live-default-rtdb"},"state":"ACTIVE","etag":"1_97fe4ddd-14ea-4b76-a2a8-ee413e337a96"}
[debug] [2024-10-14T05:50:36.749Z] defaultcredentials: writing to file /Users/godson/.config/firebase/anigodson20_gmail_com_application_default_credentials.json
[debug] [2024-10-14T05:50:36.755Z] >>> [apiv2][query] GET https://firebasehosting.googleapis.com/v1beta1/projects/chow-live/sites pageToken=&pageSize=10
[debug] [2024-10-14T05:50:38.436Z] <<< [apiv2][status] GET https://firebasehosting.googleapis.com/v1beta1/projects/chow-live/sites 200
[debug] [2024-10-14T05:50:38.437Z] <<< [apiv2][body] GET https://firebasehosting.googleapis.com/v1beta1/projects/chow-live/sites {"sites":[{"name":"projects/chow-live/sites/chow-live","defaultUrl":"https://chow-live.web.app","type":"DEFAULT_SITE"}]}
[debug] [2024-10-14T05:50:38.438Z] >>> [apiv2][query] GET https://firebasehosting.googleapis.com/v1beta1/projects/chow-live/sites 
[debug] [2024-10-14T05:50:38.803Z] <<< [apiv2][status] GET https://firebasehosting.googleapis.com/v1beta1/projects/chow-live/sites 200
[debug] [2024-10-14T05:50:38.803Z] <<< [apiv2][body] GET https://firebasehosting.googleapis.com/v1beta1/projects/chow-live/sites {"sites":[{"name":"projects/chow-live/sites/chow-live","defaultUrl":"https://chow-live.web.app","type":"DEFAULT_SITE"}]}
[debug] [2024-10-14T05:50:38.803Z] >>> [apiv2][query] GET https://firebase.googleapis.com/v1beta1/projects/chow-live/webApps/-/config [none]
[debug] [2024-10-14T05:50:39.544Z] <<< [apiv2][status] GET https://firebase.googleapis.com/v1beta1/projects/chow-live/webApps/-/config 200
[debug] [2024-10-14T05:50:39.544Z] <<< [apiv2][body] GET https://firebase.googleapis.com/v1beta1/projects/chow-live/webApps/-/config {"projectId":"chow-live","appId":"1:1011180450496:web:30535474d7f7b69822f325","databaseURL":"https://chow-live-default-rtdb.firebaseio.com","storageBucket":"chow-live.appspot.com","apiKey":"AIzaSyBYB3vDonVETJ8qZtxUkr0q8eSk8NYBhXk","authDomain":"chow-live.firebaseapp.com","messagingSenderId":"1011180450496","measurementId":"G-GWCYMV0MZ5"}
[info] 
   Thank you for trying our early preview of Next.js support on Firebase Hosting.
   During the preview, support is best-effort and breaking changes can be expected. Proceed with caution.
   The integration is known to work with Next.js version 12 - 14.0. You may encounter errors.

   Documentation: https://firebase.google.com/docs/hosting/frameworks/nextjs
   File a bug: https://github.com/firebase/firebase-tools/issues/new?template=bug_report.md
   Submit a feature request: https://github.com/firebase/firebase-tools/issues/new?template=feature_request.md

   We'd love to learn from you. Express your interest in helping us shape the future of Firebase Hosting: https://goo.gle/41enW5X

[debug] [2024-10-14T05:50:43.436Z] >>> [apiv2][query] GET https://firebasehosting.googleapis.com/v1beta1/projects/chow-live/sites/chow-live [none]
[debug] [2024-10-14T05:50:43.736Z] <<< [apiv2][status] GET https://firebasehosting.googleapis.com/v1beta1/projects/chow-live/sites/chow-live 200
[debug] [2024-10-14T05:50:43.736Z] <<< [apiv2][body] GET https://firebasehosting.googleapis.com/v1beta1/projects/chow-live/sites/chow-live {"name":"projects/chow-live/sites/chow-live","defaultUrl":"https://chow-live.web.app","type":"DEFAULT_SITE"}
[info]   ▲ Next.js 14.2.15
  - Environments: .env


[info]    Creating an optimized production build ...

[info]  ⚠ Compiled with warnings

./node_modules/ws/lib/buffer-util.js
Module not found: Can't resolve 'bufferutil' in '/Users/godson/Desktop/chowlive/client/node_modules/ws/lib'

Import trace for requested module:
./node_modules/ws/lib/buffer-util.js
./node_modules/ws/lib/receiver.js
./node_modules/ws/index.js
./node_modules/isows/_esm/index.js
./node_modules/viem/_esm/utils/rpc/webSocket.js
./node_modules/viem/_esm/clients/transports/webSocket.js
./node_modules/viem/_esm/index.js
./src/providers/web3-provider/index.tsx
./src/providers/providers.tsx

./node_modules/ws/lib/validation.js
Module not found: Can't resolve 'utf-8-validate' in '/Users/godson/Desktop/chowlive/client/node_modules/ws/lib'

Import trace for requested module:
./node_modules/ws/lib/validation.js
./node_modules/ws/lib/receiver.js
./node_modules/ws/index.js
./node_modules/isows/_esm/index.js
./node_modules/viem/_esm/utils/rpc/webSocket.js
./node_modules/viem/_esm/clients/transports/webSocket.js
./node_modules/viem/_esm/index.js
./src/providers/web3-provider/index.tsx
./src/providers/providers.tsx


[info]  ✓ Compiled successfully

[info]    Linting and checking validity of types ...

[info]    Collecting page data ...

[info] PageNotFoundError: Cannot find module for page: /favicon.ico
    at getPagePath (/Users/godson/Desktop/chowlive/client/node_modules/next/dist/server/require.js:94:15)
    at requirePage (/Users/godson/Desktop/chowlive/client/node_modules/next/dist/server/require.js:99:22)
    at /Users/godson/Desktop/chowlive/client/node_modules/next/dist/server/load-components.js:98:84
    at process.processTicksAndRejections (node:internal/process/task_queues:95:5)
    at async loadComponentsImpl (/Users/godson/Desktop/chowlive/client/node_modules/next/dist/server/load-components.js:98:26)
    at async /Users/godson/Desktop/chowlive/client/node_modules/next/dist/build/utils.js:1116:32
    at async Span.traceAsyncFn (/Users/godson/Desktop/chowlive/client/node_modules/next/dist/trace/trace.js:154:20) {
  code: 'ENOENT'
}
PageNotFoundError: Cannot find module for page: /api/trpc/[trpc]
    at getPagePath (/Users/godson/Desktop/chowlive/client/node_modules/next/dist/server/require.js:94:15)
    at requirePage (/Users/godson/Desktop/chowlive/client/node_modules/next/dist/server/require.js:99:22)
    at /Users/godson/Desktop/chowlive/client/node_modules/next/dist/server/load-components.js:98:84
    at process.processTicksAndRejections (node:internal/process/task_queues:95:5)
    at async loadComponentsImpl (/Users/godson/Desktop/chowlive/client/node_modules/next/dist/server/load-components.js:98:26)
    at async /Users/godson/Desktop/chowlive/client/node_modules/next/dist/build/utils.js:1116:32
    at async Span.traceAsyncFn (/Users/godson/Desktop/chowlive/client/node_modules/next/dist/trace/trace.js:154:20) {
  code: 'ENOENT'
}

[info] 

[info] > Build error occurred

[info] Error: Failed to collect page data for /favicon.ico
    at /Users/godson/Desktop/chowlive/client/node_modules/next/dist/build/utils.js:1268:15
    at process.processTicksAndRejections (node:internal/process/task_queues:95:5) {
  type: 'Error'
}

[debug] [2024-10-14T05:51:54.368Z] Error: ENOENT: no such file or directory, open '/Users/godson/Desktop/chowlive/client/.next/export-marker.json'
[error] 
[error] Error: An unexpected error has occurred.
